<?xml version="1.0" encoding="utf-8"?><testsuites name="pytest tests"><testsuite name="pytest" errors="0" failures="0" skipped="0" tests="12" time="6.489" timestamp="2026-09-18T13:16:57.645847+00:00" hostname="agent-env-60af22c6-b36b-489e-a90f-477ecb9f8025"><testcase classname="tests.test_web_swap.TestHealth" name="test_health" time="0.373" /><testcase classname="tests.test_web_swap.TestCatalog" name="test_networks_returns_many" time="0.675" /><testcase classname="tests.test_web_swap.TestCatalog" name="test_coins_on_base" time="0.183" /><testcase classname="tests.test_web_swap.TestResolveCA" name="test_resolve_valid_base_usdc" time="0.213" /><testcase classname="tests.test_web_swap.TestResolveCA" name="test_resolve_unknown_ca" time="0.170" /><testcase classname="tests.test_web_swap.TestQuoteValidation" name="test_bad_recipient" time="0.175" /><testcase classname="tests.test_web_swap.TestQuoteValidation" name="test_wrong_chain_refund" time="0.179" /><testcase classname="tests.test_web_swap.TestQuoteValidation" name="test_zero_amount" time="0.154" /><testcase classname="tests.test_web_swap.TestQuoteValidation" name="test_bad_pair" time="0.133" /><testcase classname="tests.test_web_swap.TestQuoteHappyPath" name="test_quote_and_status" time="1.981" /><testcase classname="tests.test_web_swap.TestQuoteHappyPath" name="test_unknown_sid_404" time="0.147" /><testcase classname="tests.test_web_swap.TestSplit" name="test_split_x3" time="2.050" /></testsuite></testsuites>